SF:lib/flow_elements/abstract_flow_element.dart
DA:11,2
DA:20,2
DA:28,2
DA:35,1
DA:36,1
DA:37,1
DA:38,2
DA:39,2
DA:40,2
DA:41,2
DA:42,2
DA:43,2
DA:44,2
DA:45,2
DA:46,2
DA:47,2
DA:48,2
DA:49,2
DA:50,5
DA:51,5
DA:52,5
DA:53,5
DA:56,1
DA:57,2
DA:58,1
DA:59,1
DA:61,2
DA:62,3
DA:63,2
DA:64,1
DA:66,1
DA:70,1
DA:72,1
DA:73,1
DA:74,2
DA:75,2
DA:76,2
DA:77,2
DA:78,2
DA:79,2
DA:80,5
DA:81,5
DA:83,3
DA:89,1
DA:91,3
DA:92,2
DA:93,2
DA:94,3
DA:95,3
DA:96,2
DA:98,3
DA:104,3
DA:109,2
DA:110,4
DA:111,6
DA:112,2
DA:113,2
DA:114,2
DA:115,2
DA:116,2
DA:117,2
DA:118,8
DA:119,8
DA:123,1
DA:124,1
DA:125,1
DA:126,4
DA:127,1
DA:128,1
DA:129,3
DA:130,3
DA:131,1
DA:132,1
DA:133,1
DA:134,1
DA:135,4
DA:136,1
DA:138,1
DA:139,2
DA:140,1
DA:141,2
DA:143,1
DA:144,1
DA:145,1
DA:146,1
DA:147,3
DA:149,2
DA:150,1
DA:151,1
DA:152,2
DA:153,2
DA:155,1
DA:156,1
DA:157,1
DA:158,1
DA:160,1
DA:165,3
DA:166,1
DA:167,1
DA:168,1
DA:170,3
DA:171,1
DA:172,1
DA:173,1
DA:174,2
DA:181,1
DA:182,1
DA:183,6
DA:184,1
DA:187,1
DA:188,4
DA:189,4
DA:191,1
DA:192,1
DA:193,2
DA:195,1
DA:196,2
LF:117
LH:117
end_of_record
SF:lib/flow_elements/bloc/arrows/draw_arrows_bloc.dart
DA:15,4
DA:16,2
DA:17,2
DA:18,6
DA:19,6
DA:20,6
DA:24,2
DA:25,2
DA:26,2
DA:28,8
DA:29,7
DA:30,4
DA:31,2
DA:32,2
DA:33,2
DA:35,2
DA:36,2
DA:43,2
DA:48,2
DA:49,2
DA:50,2
DA:51,2
DA:52,2
DA:58,3
DA:59,4
DA:60,3
DA:61,2
DA:64,1
DA:67,2
DA:68,4
DA:69,2
DA:70,10
DA:74,2
DA:76,4
DA:81,2
DA:82,10
DA:83,4
DA:91,2
DA:92,4
DA:93,2
DA:94,8
DA:98,2
DA:100,4
DA:105,2
DA:106,10
DA:107,4
DA:115,4
DA:117,10
DA:119,6
DA:120,2
DA:124,2
DA:125,2
DA:132,6
DA:133,2
DA:137,2
DA:138,2
DA:145,4
DA:146,6
DA:147,2
DA:148,1
DA:149,1
DA:150,1
DA:151,6
DA:152,1
DA:154,1
DA:155,1
DA:156,2
DA:165,4
DA:166,4
DA:167,8
DA:171,6
DA:173,2
DA:174,10
DA:175,4
DA:178,3
DA:179,2
DA:180,5
DA:181,1
DA:182,1
DA:189,4
DA:190,4
DA:191,10
DA:195,4
DA:196,4
DA:197,4
DA:200,2
DA:201,10
DA:202,4
DA:206,4
DA:208,4
LF:90
LH:90
end_of_record
SF:lib/flow_elements/rectangle/rectangle_flow_element.dart
DA:7,2
DA:13,2
DA:20,1
DA:22,1
DA:24,1
DA:25,1
DA:30,1
DA:32,1
DA:33,1
DA:34,2
DA:35,1
DA:44,2
DA:52,2
DA:53,2
DA:54,2
DA:55,2
DA:56,2
DA:58,0
LF:18
LH:17
end_of_record
SF:lib/flow_elements/bloc/unselect_elements/unselect_elements_bloc.dart
DA:7,2
DA:8,2
DA:9,4
DA:10,4
DA:11,4
LF:5
LH:5
end_of_record
SF:lib/flow_elements/bloc/unselect_elements/unselect_elements_event.dart
DA:7,2
LF:1
LH:1
end_of_record
SF:lib/main.dart
DA:13,0
DA:14,0
DA:16,0
DA:18,0
DA:19,0
DA:20,0
DA:21,0
DA:22,0
DA:24,0
DA:25,0
DA:27,0
DA:28,0
DA:31,0
DA:32,0
DA:42,2
DA:43,2
DA:47,4
DA:48,4
LF:18
LH:4
end_of_record
SF:lib/common/grid_property_provider.dart
DA:20,1
DA:21,5
DA:24,1
DA:26,1
DA:27,2
DA:28,2
DA:30,3
DA:32,3
DA:33,3
DA:35,1
DA:36,1
DA:37,1
DA:38,4
DA:39,2
DA:41,1
DA:42,1
DA:43,1
DA:46,2
DA:48,2
DA:49,1
DA:52,1
DA:53,2
DA:54,3
DA:55,6
DA:56,1
DA:57,6
DA:58,4
DA:59,3
DA:61,1
DA:64,3
DA:65,2
DA:66,1
DA:71,1
DA:74,1
DA:75,1
DA:77,1
DA:82,2
DA:86,1
DA:89,2
DA:90,2
DA:91,2
DA:101,1
DA:102,2
DA:103,2
DA:104,2
DA:105,2
DA:108,1
DA:109,4
DA:111,1
DA:112,2
DA:117,1
DA:118,7
DA:119,4
DA:121,1
DA:122,2
DA:127,1
DA:128,4
DA:130,1
DA:131,2
DA:136,7
DA:137,4
DA:139,1
DA:140,2
DA:146,0
DA:147,0
DA:148,0
DA:149,0
DA:150,0
DA:152,0
DA:153,0
DA:158,0
DA:159,0
DA:160,0
DA:161,0
DA:162,0
DA:163,0
DA:165,0
DA:166,0
DA:171,0
DA:172,0
DA:173,0
DA:174,0
DA:175,0
DA:176,0
DA:177,0
DA:178,0
DA:180,0
DA:181,0
DA:186,0
DA:187,0
DA:188,0
DA:189,0
DA:190,0
DA:191,0
DA:192,0
DA:193,0
DA:195,0
DA:196,0
LF:98
LH:63
end_of_record
SF:lib/helpers/a_star/tile_model.dart
DA:12,4
DA:14,1
LF:2
LH:2
end_of_record
SF:lib/diagram_app.dart
DA:7,3
DA:9,1
DA:10,1
DA:14,1
DA:25,1
DA:28,1
DA:30,1
DA:31,1
DA:32,1
LF:9
LH:9
end_of_record
SF:lib/diagram_home.dart
DA:9,2
DA:11,1
DA:12,1
DA:16,1
DA:18,1
DA:19,2
DA:20,1
DA:23,1
DA:25,1
DA:26,2
DA:28,1
LF:11
LH:11
end_of_record
SF:lib/theme/app_theme.dart
DA:5,3
DA:11,3
DA:15,0
DA:19,0
DA:20,0
DA:23,0
DA:24,0
DA:27,0
DA:28,0
LF:9
LH:2
end_of_record
SF:lib/main_canvas/main_canvas.dart
DA:16,2
DA:18,1
DA:19,1
DA:27,1
DA:29,1
DA:30,1
DA:33,1
DA:36,1
DA:37,1
DA:43,1
DA:44,1
DA:45,1
DA:46,1
DA:49,2
DA:50,1
DA:52,1
DA:53,1
DA:54,2
DA:55,1
DA:59,1
DA:60,1
DA:63,1
DA:70,1
DA:71,1
DA:72,1
DA:73,1
DA:74,2
DA:75,4
DA:77,2
DA:78,2
DA:80,2
DA:81,2
DA:84,0
DA:85,0
DA:86,0
DA:88,0
DA:91,1
DA:92,1
DA:93,1
DA:94,1
DA:95,2
DA:96,1
DA:97,1
DA:104,1
DA:108,1
DA:109,1
DA:110,1
DA:113,4
LF:48
LH:44
end_of_record
SF:lib/side_menu/side_menu.dart
DA:12,2
DA:14,1
DA:15,1
DA:21,1
DA:23,1
DA:24,1
DA:25,1
DA:26,1
DA:27,1
DA:28,1
DA:29,1
DA:30,0
DA:32,0
DA:34,0
DA:35,0
DA:36,0
DA:37,0
DA:43,0
DA:44,0
DA:46,1
DA:47,1
DA:49,1
DA:51,1
DA:59,3
DA:65,1
DA:72,1
DA:74,1
DA:75,0
DA:76,0
DA:78,0
DA:79,0
DA:80,0
DA:83,1
DA:84,2
LF:34
LH:21
end_of_record
SF:lib/flow_elements/abstract_custom_painter.dart
DA:9,1
DA:11,1
DA:13,1
DA:14,5
DA:15,1
DA:16,1
DA:18,5
DA:19,2
DA:20,2
DA:21,2
DA:24,1
DA:32,1
DA:34,1
DA:36,1
DA:37,4
DA:38,1
DA:39,1
DA:40,1
DA:42,4
DA:44,1
DA:50,2
DA:51,2
DA:52,1
DA:53,2
DA:56,1
DA:57,1
DA:60,1
DA:63,0
LF:28
LH:27
end_of_record
SF:lib/flow_elements/anchor_points/anchor_point.dart
DA:4,2
DA:6,1
DA:7,1
DA:11,1
DA:13,1
DA:14,1
DA:17,1
DA:19,3
LF:8
LH:8
end_of_record
SF:lib/flow_elements/dimension_points/dimension_points.dart
DA:4,2
DA:6,1
DA:8,1
DA:9,1
DA:12,1
DA:13,2
DA:14,1
LF:7
LH:7
end_of_record
SF:lib/flow_elements/arrow/arrow_custom_painter.dart
DA:16,1
DA:18,0
DA:19,0
DA:22,1
DA:24,1
DA:29,1
DA:30,5
DA:31,1
DA:32,1
DA:33,1
DA:34,1
DA:36,1
DA:37,4
DA:38,1
DA:39,1
DA:40,1
DA:48,2
DA:50,3
DA:51,3
DA:54,1
DA:56,1
DA:57,1
DA:58,2
DA:59,2
DA:60,1
DA:63,3
DA:64,1
DA:65,2
DA:71,1
DA:73,4
DA:74,3
DA:75,5
DA:76,1
DA:77,2
DA:82,4
DA:97,1
DA:99,1
DA:101,3
DA:104,2
DA:106,1
DA:108,1
DA:111,5
DA:112,3
DA:113,5
DA:114,3
DA:115,1
DA:116,2
DA:119,5
DA:120,3
DA:121,5
DA:122,3
DA:123,1
DA:124,0
DA:127,0
DA:128,0
DA:129,0
DA:130,0
DA:131,0
DA:132,0
DA:135,0
DA:136,0
DA:137,0
DA:138,0
DA:139,0
DA:143,1
DA:146,3
DA:147,2
DA:149,3
DA:150,2
DA:153,1
DA:154,7
DA:155,7
DA:157,1
DA:159,2
DA:160,3
DA:163,1
DA:164,1
DA:165,4
DA:166,1
DA:169,4
DA:173,1
LF:81
LH:67
end_of_record
SF:lib/flow_elements/bloc/add_remove_element/add_remove_element_bloc.dart
DA:13,1
DA:14,1
DA:23,1
DA:24,1
DA:26,4
DA:27,4
DA:28,4
DA:29,4
DA:33,2
DA:36,3
DA:37,2
DA:38,2
DA:39,2
DA:40,1
DA:43,1
DA:44,0
DA:45,1
DA:50,3
DA:51,2
DA:52,4
DA:53,2
DA:57,1
DA:59,2
DA:60,2
DA:61,2
DA:65,1
DA:66,5
DA:67,2
DA:69,3
DA:70,1
DA:72,3
DA:75,2
DA:77,1
DA:80,2
DA:83,3
DA:84,2
DA:85,2
DA:86,2
DA:87,1
DA:90,2
DA:94,3
DA:95,2
DA:96,4
DA:97,2
DA:101,1
DA:103,2
DA:104,2
DA:105,2
DA:109,1
DA:110,5
DA:111,2
DA:113,2
DA:114,3
DA:115,1
DA:116,1
DA:119,2
DA:121,1
DA:124,2
DA:125,3
DA:126,2
DA:127,2
DA:128,2
DA:129,1
DA:132,1
DA:133,0
DA:134,0
DA:135,0
DA:136,0
DA:137,0
DA:138,0
DA:139,0
DA:143,2
DA:144,3
DA:145,4
DA:146,3
DA:147,2
DA:149,1
DA:151,4
DA:152,1
DA:153,2
DA:154,2
DA:155,1
DA:157,2
DA:158,3
DA:159,2
DA:160,1
DA:161,6
DA:162,6
DA:163,6
DA:164,6
DA:169,3
DA:170,1
DA:174,1
DA:177,2
DA:178,3
DA:179,1
DA:180,1
DA:182,4
DA:183,1
DA:184,2
DA:185,2
DA:186,1
DA:187,4
DA:188,1
DA:192,1
DA:193,2
DA:194,1
DA:195,4
DA:196,1
DA:200,1
DA:204,1
DA:205,1
DA:206,2
DA:213,1
DA:215,2
DA:217,1
LF:116
LH:108
end_of_record
SF:lib/helpers/a_star/a_star_algorithm.dart
DA:18,1
DA:22,4
DA:23,2
DA:24,4
DA:25,4
DA:29,1
DA:30,2
DA:31,2
DA:37,4
DA:38,4
DA:40,0
DA:42,1
DA:47,2
DA:50,1
DA:51,4
DA:53,2
DA:54,1
DA:58,2
DA:59,0
DA:61,1
DA:65,1
DA:66,1
DA:69,2
DA:71,2
DA:72,1
DA:75,2
DA:77,5
DA:78,2
DA:81,6
DA:83,3
DA:84,2
DA:85,1
DA:96,1
DA:97,1
DA:98,1
DA:99,4
DA:101,2
DA:106,1
DA:107,8
DA:108,8
DA:109,1
LF:41
LH:39
end_of_record
SF:lib/flow_elements/basic_shapes.dart
DA:3,4
DA:4,4
DA:6,3
DA:7,2
DA:10,3
DA:11,2
DA:14,3
DA:15,1
DA:17,3
DA:18,1
DA:20,4
DA:21,4
LF:12
LH:12
end_of_record
SF:lib/flow_elements/circle/circle_custom_painter.dart
DA:5,1
DA:6,1
LF:2
LH:2
end_of_record
SF:lib/flow_elements/circle/circle_flow_element.dart
DA:7,1
DA:13,1
DA:21,1
DA:23,1
DA:25,1
DA:26,1
DA:31,1
DA:33,1
DA:34,1
DA:35,2
DA:36,1
DA:45,1
DA:53,1
DA:54,1
DA:55,0
DA:56,0
DA:57,0
DA:58,0
LF:18
LH:14
end_of_record
SF:lib/flow_elements/rectangle/rectangle_custom_painter.dart
DA:5,1
DA:6,1
LF:2
LH:2
end_of_record
SF:lib/flow_elements/rounded_rectangle/rounded_rectangle_custom_painter.dart
DA:5,1
DA:7,1
LF:2
LH:2
end_of_record
SF:lib/flow_elements/rounded_rectangle/rounded_rectangle_flow_element.dart
DA:7,1
DA:13,1
DA:21,1
DA:23,1
DA:25,1
DA:26,1
DA:31,1
DA:33,1
DA:34,1
DA:35,2
DA:36,1
DA:45,1
DA:53,1
DA:54,1
DA:55,1
DA:56,1
DA:57,1
DA:58,0
LF:18
LH:17
end_of_record
SF:lib/flow_elements/triangle/triangle_custom_painter.dart
DA:5,1
DA:6,1
LF:2
LH:2
end_of_record
SF:lib/flow_elements/triangle/triangle_flow_element.dart
DA:7,1
DA:13,1
DA:21,1
DA:23,1
DA:24,1
DA:25,2
DA:26,1
DA:35,1
DA:37,1
DA:39,1
DA:40,1
DA:45,1
DA:53,1
DA:54,1
DA:55,1
DA:56,1
DA:57,1
DA:58,0
LF:18
LH:17
end_of_record
SF:lib/main_canvas/canvas_helper.dart
DA:15,1
DA:17,2
DA:18,2
DA:19,1
DA:20,2
DA:21,4
DA:22,4
DA:23,2
DA:24,4
DA:25,4
DA:31,1
DA:36,1
DA:37,1
DA:38,5
DA:45,1
DA:52,2
DA:53,1
DA:54,2
DA:56,3
DA:57,1
DA:58,2
DA:59,3
DA:60,1
DA:61,3
DA:64,1
DA:66,2
DA:68,3
DA:69,1
DA:70,2
DA:71,3
DA:72,2
DA:73,2
DA:76,1
DA:77,2
DA:79,3
DA:80,1
DA:81,2
DA:82,3
DA:83,1
DA:84,3
DA:87,1
DA:88,2
DA:90,3
DA:91,1
DA:92,2
DA:93,3
DA:94,0
DA:95,0
DA:100,2
DA:101,1
DA:104,2
DA:105,1
DA:108,2
DA:109,1
LF:54
LH:52
end_of_record
SF:lib/main_canvas/grid_custom_painter.dart
DA:21,1
DA:32,1
DA:34,2
DA:36,3
DA:38,3
DA:40,3
DA:42,1
DA:43,1
DA:44,4
DA:45,1
DA:46,1
DA:48,1
DA:49,1
DA:50,1
DA:51,1
DA:52,1
DA:54,1
DA:55,1
DA:56,1
DA:57,1
DA:58,1
DA:60,1
DA:61,2
DA:62,4
DA:63,1
DA:64,1
DA:66,1
DA:67,1
DA:68,1
DA:69,1
DA:72,1
DA:73,2
DA:74,4
DA:76,5
DA:79,1
DA:80,1
DA:81,2
DA:82,2
DA:88,1
DA:90,9
DA:95,1
DA:96,2
DA:97,4
DA:98,4
DA:99,2
DA:100,2
DA:105,2
DA:106,1
DA:107,1
DA:108,1
DA:110,2
DA:111,1
DA:112,1
DA:116,1
DA:117,2
DA:118,2
DA:119,2
DA:120,2
DA:122,1
DA:125,1
DA:126,0
DA:127,0
DA:129,0
DA:135,1
DA:138,1
DA:139,1
DA:140,1
DA:144,3
DA:145,1
DA:151,2
DA:152,1
DA:153,1
DA:158,1
DA:162,1
DA:163,1
DA:164,3
DA:166,1
DA:167,1
DA:168,1
DA:169,2
DA:170,2
DA:171,3
DA:172,3
DA:174,3
DA:175,1
DA:176,1
DA:177,2
DA:182,1
DA:183,1
DA:185,3
DA:186,4
DA:187,3
DA:188,2
DA:197,2
DA:198,2
DA:199,3
DA:200,2
DA:202,1
DA:206,1
DA:208,3
DA:209,1
DA:213,1
DA:219,1
DA:220,4
DA:221,1
DA:222,2
DA:223,3
DA:227,0
DA:231,2
DA:237,2
DA:238,1
DA:245,3
DA:246,1
DA:253,1
DA:254,1
DA:255,1
DA:256,2
DA:257,2
DA:258,3
DA:259,3
DA:261,1
DA:262,0
DA:264,0
DA:265,0
DA:268,0
DA:269,0
DA:270,0
DA:271,0
DA:272,0
DA:276,0
DA:277,0
DA:278,0
DA:282,2
DA:284,1
DA:287,3
DA:288,1
DA:289,1
DA:290,1
DA:291,1
DA:295,3
DA:296,1
DA:301,1
DA:304,4
DA:305,2
DA:306,3
DA:308,1
DA:314,1
DA:324,4
DA:325,2
DA:326,3
DA:328,1
DA:334,1
DA:344,4
DA:345,3
DA:346,2
DA:348,3
DA:350,1
DA:356,1
DA:367,4
DA:368,3
DA:369,2
DA:371,3
DA:373,1
DA:379,1
DA:391,1
LF:165
LH:150
end_of_record
SF:lib/side_menu/shapes_list.dart
DA:9,3
DA:11,1
DA:14,3
DA:16,1
DA:19,3
DA:21,1
DA:23,3
DA:25,1
DA:28,1
DA:29,1
DA:30,1
DA:32,1
DA:33,2
DA:34,2
DA:36,1
DA:38,1
DA:39,2
DA:40,2
DA:42,1
DA:44,1
DA:45,2
DA:46,2
DA:48,1
DA:50,1
DA:51,2
DA:52,2
LF:26
LH:26
end_of_record
